<?xml version="1.0" encoding="UTF-8"?>
<!-- Generated by org.testng.reporters.JUnitReportReporter -->
<testsuite hostname="mahesh" failures="0" tests="1" name="com.FrameHandling.FrameHandling1" time="16.032" errors="0" timestamp="2024-08-13T21:48:31 IST" skipped="0">
  <testcase classname="com.FrameHandling.FrameHandling1" name="draganddrop" time="16.032"/>
</testsuite> <!-- com.FrameHandling.FrameHandling1 -->
