<?xml version="1.0" encoding="UTF-8"?>
<!-- Generated by org.testng.reporters.JUnitReportReporter -->
<testsuite hostname="mahesh" failures="0" tests="4" name="aug23rd.CheckBox" time="60.728" errors="0" timestamp="2024-08-23T21:45:05 IST" skipped="0">
  <testcase classname="aug23rd.CheckBox" name="checkBoxTest3" time="15.272"/>
  <testcase classname="aug23rd.CheckBox" name="radioButtonTest4" time="21.429"/>
  <testcase classname="aug23rd.CheckBox" name="checkBoxTest2" time="13.509"/>
  <testcase classname="aug23rd.CheckBox" name="checkBoxTest" time="10.518"/>
</testsuite> <!-- aug23rd.CheckBox -->
