<?xml version="1.0" encoding="UTF-8"?>
<!-- Generated by org.testng.reporters.JUnitReportReporter -->
<testsuite hostname="mahesh" failures="0" tests="2" name="DropDownTesting.Amazzon2" time="12.167" errors="0" timestamp="2024-08-13T20:28:54 IST" skipped="0">
  <testcase classname="DropDownTesting.Amazzon2" name="noOfLinkstest" time="4.656"/>
  <testcase classname="DropDownTesting.Amazzon2" name="teardown" time="7.511"/>
</testsuite> <!-- DropDownTesting.Amazzon2 -->
