<?xml version="1.0" encoding="UTF-8"?>
<!-- Generated by org.testng.reporters.JUnitReportReporter -->
<testsuite hostname="mahesh" failures="0" tests="1" name="com.AlertHandle.AlertHandling1" time="17.271" errors="0" timestamp="2024-08-16T16:37:40 IST" skipped="0">
  <testcase classname="com.AlertHandle.AlertHandling1" name="Alert" time="17.271"/>
</testsuite> <!-- com.AlertHandle.AlertHandling1 -->
