<?xml version="1.0" encoding="UTF-8"?>
<!-- Generated by org.testng.reporters.JUnitReportReporter -->
<testsuite hostname="mahesh" failures="0" tests="1" name="Aug9.Demo1" time="0.009" errors="0" timestamp="2024-08-09T11:43:45 IST" skipped="0">
  <testcase classname="Aug9.Demo1" name="validateLoginTest" time="0.009"/>
</testsuite> <!-- Aug9.Demo1 -->
