<?xml version="1.0" encoding="UTF-8"?>
<!-- Generated by org.testng.reporters.JUnitReportReporter -->
<testsuite hostname="mahesh" failures="0" tests="1" name="com.WebTables.WebTable1" time="66.544" errors="0" timestamp="2024-08-26T19:37:36 IST" skipped="0">
  <testcase classname="com.WebTables.WebTable1" name="webtabletest" time="66.544"/>
</testsuite> <!-- com.WebTables.WebTable1 -->
