<?xml version="1.0" encoding="UTF-8"?>
<!-- Generated by org.testng.reporters.JUnitReportReporter -->
<testsuite hostname="mahesh" failures="0" tests="1" name="com.JavaScriptMethods.JavaScriptDemo1" time="12.098" errors="0" timestamp="2024-08-23T17:06:06 IST" skipped="0">
  <testcase classname="com.JavaScriptMethods.JavaScriptDemo1" name="scrolldown" time="12.098"/>
</testsuite> <!-- com.JavaScriptMethods.JavaScriptDemo1 -->
