<?xml version="1.0" encoding="UTF-8"?>
<!-- Generated by org.testng.reporters.JUnitReportReporter -->
<testsuite hostname="mahesh" failures="0" tests="1" name="com.JavaScriptMethods.JavaScriptDemo2" time="15.656" errors="0" timestamp="2024-08-23T17:19:27 IST" skipped="0">
  <testcase classname="com.JavaScriptMethods.JavaScriptDemo2" name="Scrolltest" time="15.656"/>
</testsuite> <!-- com.JavaScriptMethods.JavaScriptDemo2 -->
