<?xml version="1.0" encoding="UTF-8"?>
<!-- Generated by org.testng.reporters.JUnitReportReporter -->
<testsuite hostname="mahesh" failures="0" tests="1" name="com.ShadowDom.Shadowdom1" time="6.612" errors="0" timestamp="2024-08-26T20:30:57 IST" skipped="0">
  <testcase classname="com.ShadowDom.Shadowdom1" name="shadowdom" time="6.612"/>
</testsuite> <!-- com.ShadowDom.Shadowdom1 -->
