<?xml version="1.0" encoding="UTF-8"?>
<!-- Generated by org.testng.reporters.JUnitReportReporter -->
<testsuite hostname="mahesh" failures="0" tests="1" name="DropDownTesting.Amazon" time="7.398" errors="0" timestamp="2024-08-13T20:13:11 IST" skipped="0">
  <testcase classname="DropDownTesting.Amazon" name="noOfLinksTest" time="7.398"/>
</testsuite> <!-- DropDownTesting.Amazon -->
