<?xml version="1.0" encoding="UTF-8"?>
<!-- Generated by org.testng.reporters.JUnitReportReporter -->
<testsuite hostname="mahesh" failures="0" tests="1" name="com.AlertHandle.TsrtcCheckAvailability" time="14.087" errors="0" timestamp="2024-08-16T17:53:22 IST" skipped="0">
  <testcase classname="com.AlertHandle.TsrtcCheckAvailability" name="checkavailability" time="14.087"/>
</testsuite> <!-- com.AlertHandle.TsrtcCheckAvailability -->
